<?xml version="1.0" encoding="UTF-8"?>
<testsuite xmlns:xsi="http://www.w3.org/2001/XMLSchema-instance" xsi:noNamespaceSchemaLocation="https://maven.apache.org/surefire/maven-surefire-plugin/xsd/surefire-test-report.xsd" name="com.example.goodapp.AppTest" time="0.061" tests="1" errors="0" skipped="0" failures="0">
  <properties>
    <property name="awt.toolkit" value="sun.awt.X11.XToolkit"/>
    <property name="java.specification.version" value="11"/>
    <property name="sun.cpu.isalist" value=""/>
    <property name="sun.jnu.encoding" value="UTF-8"/>
    <property name="java.class.path" value="/home/ks713/exampleMaven/goodApp/target/test-classes:/home/ks713/exampleMaven/goodApp/target/classes:/home/ks713/.m2/repository/org/postgresql/postgresql/42.2.20/postgresql-42.2.20.jar:/home/ks713/.m2/repository/org/checkerframework/checker-qual/3.5.0/checker-qual-3.5.0.jar:/home/ks713/.m2/repository/com/google/cloud/google-cloud-pubsub/1.127.3/google-cloud-pubsub-1.127.3.jar:/home/ks713/.m2/repository/io/grpc/grpc-api/1.62.2/grpc-api-1.62.2.jar:/home/ks713/.m2/repository/io/grpc/grpc-stub/1.62.2/grpc-stub-1.62.2.jar:/home/ks713/.m2/repository/io/grpc/grpc-protobuf/1.62.2/grpc-protobuf-1.62.2.jar:/home/ks713/.m2/repository/io/grpc/grpc-protobuf-lite/1.62.2/grpc-protobuf-lite-1.62.2.jar:/home/ks713/.m2/repository/com/google/api/api-common/2.29.1/api-common-2.29.1.jar:/home/ks713/.m2/repository/com/google/j2objc/j2objc-annotations/3.0.0/j2objc-annotations-3.0.0.jar:/home/ks713/.m2/repository/com/google/protobuf/protobuf-java/3.25.2/protobuf-java-3.25.2.jar:/home/ks713/.m2/repository/com/google/api/grpc/proto-google-common-protos/2.37.1/proto-google-common-protos-2.37.1.jar:/home/ks713/.m2/repository/com/google/auth/google-auth-library-oauth2-http/1.23.0/google-auth-library-oauth2-http-1.23.0.jar:/home/ks713/.m2/repository/com/google/auth/google-auth-library-credentials/1.23.0/google-auth-library-credentials-1.23.0.jar:/home/ks713/.m2/repository/com/google/http-client/google-http-client-gson/1.44.1/google-http-client-gson-1.44.1.jar:/home/ks713/.m2/repository/com/google/api/grpc/proto-google-cloud-pubsub-v1/1.109.3/proto-google-cloud-pubsub-v1-1.109.3.jar:/home/ks713/.m2/repository/com/google/api/grpc/proto-google-iam-v1/1.32.1/proto-google-iam-v1-1.32.1.jar:/home/ks713/.m2/repository/com/google/guava/guava/33.1.0-jre/guava-33.1.0-jre.jar:/home/ks713/.m2/repository/com/google/guava/failureaccess/1.0.2/failureaccess-1.0.2.jar:/home/ks713/.m2/repository/com/google/guava/listenablefuture/9999.0-empty-to-avoid-conflict-with-guava/listenablefuture-9999.0-empty-to-avoid-conflict-with-guava.jar:/home/ks713/.m2/repository/com/google/api/gax/2.46.1/gax-2.46.1.jar:/home/ks713/.m2/repository/io/opentelemetry/opentelemetry-api/1.36.0/opentelemetry-api-1.36.0.jar:/home/ks713/.m2/repository/io/opentelemetry/opentelemetry-context/1.36.0/opentelemetry-context-1.36.0.jar:/home/ks713/.m2/repository/com/google/api/gax-grpc/2.46.1/gax-grpc-2.46.1.jar:/home/ks713/.m2/repository/io/grpc/grpc-alts/1.62.2/grpc-alts-1.62.2.jar:/home/ks713/.m2/repository/io/grpc/grpc-grpclb/1.62.2/grpc-grpclb-1.62.2.jar:/home/ks713/.m2/repository/org/conscrypt/conscrypt-openjdk-uber/2.5.2/conscrypt-openjdk-uber-2.5.2.jar:/home/ks713/.m2/repository/io/grpc/grpc-auth/1.62.2/grpc-auth-1.62.2.jar:/home/ks713/.m2/repository/io/grpc/grpc-netty-shaded/1.62.2/grpc-netty-shaded-1.62.2.jar:/home/ks713/.m2/repository/io/grpc/grpc-util/1.62.2/grpc-util-1.62.2.jar:/home/ks713/.m2/repository/io/perfmark/perfmark-api/0.27.0/perfmark-api-0.27.0.jar:/home/ks713/.m2/repository/io/grpc/grpc-googleapis/1.62.2/grpc-googleapis-1.62.2.jar:/home/ks713/.m2/repository/io/grpc/grpc-xds/1.62.2/grpc-xds-1.62.2.jar:/home/ks713/.m2/repository/io/opencensus/opencensus-proto/0.2.0/opencensus-proto-0.2.0.jar:/home/ks713/.m2/repository/io/grpc/grpc-services/1.62.2/grpc-services-1.62.2.jar:/home/ks713/.m2/repository/com/google/re2j/re2j/1.7/re2j-1.7.jar:/home/ks713/.m2/repository/com/google/api/gax-httpjson/2.46.1/gax-httpjson-2.46.1.jar:/home/ks713/.m2/repository/com/google/code/gson/gson/2.10.1/gson-2.10.1.jar:/home/ks713/.m2/repository/com/google/protobuf/protobuf-java-util/3.25.2/protobuf-java-util-3.25.2.jar:/home/ks713/.m2/repository/org/threeten/threetenbp/1.6.8/threetenbp-1.6.8.jar:/home/ks713/.m2/repository/com/google/code/findbugs/jsr305/3.0.2/jsr305-3.0.2.jar:/home/ks713/.m2/repository/io/opencensus/opencensus-api/0.31.1/opencensus-api-0.31.1.jar:/home/ks713/.m2/repository/io/grpc/grpc-context/1.62.2/grpc-context-1.62.2.jar:/home/ks713/.m2/repository/io/grpc/grpc-inprocess/1.62.2/grpc-inprocess-1.62.2.jar:/home/ks713/.m2/repository/io/grpc/grpc-core/1.62.2/grpc-core-1.62.2.jar:/home/ks713/.m2/repository/com/google/android/annotations/4.1.1.4/annotations-4.1.1.4.jar:/home/ks713/.m2/repository/org/codehaus/mojo/animal-sniffer-annotations/1.23/animal-sniffer-annotations-1.23.jar:/home/ks713/.m2/repository/com/google/errorprone/error_prone_annotations/2.26.1/error_prone_annotations-2.26.1.jar:/home/ks713/.m2/repository/com/google/auto/value/auto-value-annotations/1.10.4/auto-value-annotations-1.10.4.jar:/home/ks713/.m2/repository/com/google/http-client/google-http-client/1.44.1/google-http-client-1.44.1.jar:/home/ks713/.m2/repository/org/apache/httpcomponents/httpclient/4.5.14/httpclient-4.5.14.jar:/home/ks713/.m2/repository/commons-codec/commons-codec/1.16.1/commons-codec-1.16.1.jar:/home/ks713/.m2/repository/org/apache/httpcomponents/httpcore/4.4.16/httpcore-4.4.16.jar:/home/ks713/.m2/repository/io/opencensus/opencensus-contrib-http-util/0.31.1/opencensus-contrib-http-util-0.31.1.jar:/home/ks713/.m2/repository/javax/annotation/javax.annotation-api/1.3.2/javax.annotation-api-1.3.2.jar:/home/ks713/.m2/repository/junit/junit/4.11/junit-4.11.jar:/home/ks713/.m2/repository/org/hamcrest/hamcrest-core/1.3/hamcrest-core-1.3.jar:/home/ks713/.m2/repository/com/google/api-client/google-api-client/1.31.1/google-api-client-1.31.1.jar:/home/ks713/.m2/repository/com/google/oauth-client/google-oauth-client/1.35.0/google-oauth-client-1.35.0.jar:/home/ks713/.m2/repository/com/google/http-client/google-http-client-jackson2/1.44.1/google-http-client-jackson2-1.44.1.jar:/home/ks713/.m2/repository/com/fasterxml/jackson/core/jackson-core/2.14.2/jackson-core-2.14.2.jar:/home/ks713/.m2/repository/com/google/http-client/google-http-client-apache-v2/1.44.1/google-http-client-apache-v2-1.44.1.jar:"/>
    <property name="java.vm.vendor" value="Ubuntu"/>
    <property name="sun.arch.data.model" value="64"/>
    <property name="java.vendor.url" value="https://ubuntu.com/"/>
    <property name="user.timezone" value=""/>
    <property name="java.vm.specification.version" value="11"/>
    <property name="os.name" value="Linux"/>
    <property name="sun.java.launcher" value="SUN_STANDARD"/>
    <property name="user.country" value="US"/>
    <property name="sun.boot.library.path" value="/usr/lib/jvm/java-11-openjdk-amd64/lib"/>
    <property name="sun.java.command" value="/home/ks713/exampleMaven/goodApp/target/surefire/surefirebooter10312921236852265098.jar /home/ks713/exampleMaven/goodApp/target/surefire 2024-04-18T23-12-58_284-jvmRun1 surefire1587145050183628065tmp surefire_011825351531557585770tmp"/>
    <property name="jdk.debug" value="release"/>
    <property name="surefire.test.class.path" value="/home/ks713/exampleMaven/goodApp/target/test-classes:/home/ks713/exampleMaven/goodApp/target/classes:/home/ks713/.m2/repository/org/postgresql/postgresql/42.2.20/postgresql-42.2.20.jar:/home/ks713/.m2/repository/org/checkerframework/checker-qual/3.5.0/checker-qual-3.5.0.jar:/home/ks713/.m2/repository/com/google/cloud/google-cloud-pubsub/1.127.3/google-cloud-pubsub-1.127.3.jar:/home/ks713/.m2/repository/io/grpc/grpc-api/1.62.2/grpc-api-1.62.2.jar:/home/ks713/.m2/repository/io/grpc/grpc-stub/1.62.2/grpc-stub-1.62.2.jar:/home/ks713/.m2/repository/io/grpc/grpc-protobuf/1.62.2/grpc-protobuf-1.62.2.jar:/home/ks713/.m2/repository/io/grpc/grpc-protobuf-lite/1.62.2/grpc-protobuf-lite-1.62.2.jar:/home/ks713/.m2/repository/com/google/api/api-common/2.29.1/api-common-2.29.1.jar:/home/ks713/.m2/repository/com/google/j2objc/j2objc-annotations/3.0.0/j2objc-annotations-3.0.0.jar:/home/ks713/.m2/repository/com/google/protobuf/protobuf-java/3.25.2/protobuf-java-3.25.2.jar:/home/ks713/.m2/repository/com/google/api/grpc/proto-google-common-protos/2.37.1/proto-google-common-protos-2.37.1.jar:/home/ks713/.m2/repository/com/google/auth/google-auth-library-oauth2-http/1.23.0/google-auth-library-oauth2-http-1.23.0.jar:/home/ks713/.m2/repository/com/google/auth/google-auth-library-credentials/1.23.0/google-auth-library-credentials-1.23.0.jar:/home/ks713/.m2/repository/com/google/http-client/google-http-client-gson/1.44.1/google-http-client-gson-1.44.1.jar:/home/ks713/.m2/repository/com/google/api/grpc/proto-google-cloud-pubsub-v1/1.109.3/proto-google-cloud-pubsub-v1-1.109.3.jar:/home/ks713/.m2/repository/com/google/api/grpc/proto-google-iam-v1/1.32.1/proto-google-iam-v1-1.32.1.jar:/home/ks713/.m2/repository/com/google/guava/guava/33.1.0-jre/guava-33.1.0-jre.jar:/home/ks713/.m2/repository/com/google/guava/failureaccess/1.0.2/failureaccess-1.0.2.jar:/home/ks713/.m2/repository/com/google/guava/listenablefuture/9999.0-empty-to-avoid-conflict-with-guava/listenablefuture-9999.0-empty-to-avoid-conflict-with-guava.jar:/home/ks713/.m2/repository/com/google/api/gax/2.46.1/gax-2.46.1.jar:/home/ks713/.m2/repository/io/opentelemetry/opentelemetry-api/1.36.0/opentelemetry-api-1.36.0.jar:/home/ks713/.m2/repository/io/opentelemetry/opentelemetry-context/1.36.0/opentelemetry-context-1.36.0.jar:/home/ks713/.m2/repository/com/google/api/gax-grpc/2.46.1/gax-grpc-2.46.1.jar:/home/ks713/.m2/repository/io/grpc/grpc-alts/1.62.2/grpc-alts-1.62.2.jar:/home/ks713/.m2/repository/io/grpc/grpc-grpclb/1.62.2/grpc-grpclb-1.62.2.jar:/home/ks713/.m2/repository/org/conscrypt/conscrypt-openjdk-uber/2.5.2/conscrypt-openjdk-uber-2.5.2.jar:/home/ks713/.m2/repository/io/grpc/grpc-auth/1.62.2/grpc-auth-1.62.2.jar:/home/ks713/.m2/repository/io/grpc/grpc-netty-shaded/1.62.2/grpc-netty-shaded-1.62.2.jar:/home/ks713/.m2/repository/io/grpc/grpc-util/1.62.2/grpc-util-1.62.2.jar:/home/ks713/.m2/repository/io/perfmark/perfmark-api/0.27.0/perfmark-api-0.27.0.jar:/home/ks713/.m2/repository/io/grpc/grpc-googleapis/1.62.2/grpc-googleapis-1.62.2.jar:/home/ks713/.m2/repository/io/grpc/grpc-xds/1.62.2/grpc-xds-1.62.2.jar:/home/ks713/.m2/repository/io/opencensus/opencensus-proto/0.2.0/opencensus-proto-0.2.0.jar:/home/ks713/.m2/repository/io/grpc/grpc-services/1.62.2/grpc-services-1.62.2.jar:/home/ks713/.m2/repository/com/google/re2j/re2j/1.7/re2j-1.7.jar:/home/ks713/.m2/repository/com/google/api/gax-httpjson/2.46.1/gax-httpjson-2.46.1.jar:/home/ks713/.m2/repository/com/google/code/gson/gson/2.10.1/gson-2.10.1.jar:/home/ks713/.m2/repository/com/google/protobuf/protobuf-java-util/3.25.2/protobuf-java-util-3.25.2.jar:/home/ks713/.m2/repository/org/threeten/threetenbp/1.6.8/threetenbp-1.6.8.jar:/home/ks713/.m2/repository/com/google/code/findbugs/jsr305/3.0.2/jsr305-3.0.2.jar:/home/ks713/.m2/repository/io/opencensus/opencensus-api/0.31.1/opencensus-api-0.31.1.jar:/home/ks713/.m2/repository/io/grpc/grpc-context/1.62.2/grpc-context-1.62.2.jar:/home/ks713/.m2/repository/io/grpc/grpc-inprocess/1.62.2/grpc-inprocess-1.62.2.jar:/home/ks713/.m2/repository/io/grpc/grpc-core/1.62.2/grpc-core-1.62.2.jar:/home/ks713/.m2/repository/com/google/android/annotations/4.1.1.4/annotations-4.1.1.4.jar:/home/ks713/.m2/repository/org/codehaus/mojo/animal-sniffer-annotations/1.23/animal-sniffer-annotations-1.23.jar:/home/ks713/.m2/repository/com/google/errorprone/error_prone_annotations/2.26.1/error_prone_annotations-2.26.1.jar:/home/ks713/.m2/repository/com/google/auto/value/auto-value-annotations/1.10.4/auto-value-annotations-1.10.4.jar:/home/ks713/.m2/repository/com/google/http-client/google-http-client/1.44.1/google-http-client-1.44.1.jar:/home/ks713/.m2/repository/org/apache/httpcomponents/httpclient/4.5.14/httpclient-4.5.14.jar:/home/ks713/.m2/repository/commons-codec/commons-codec/1.16.1/commons-codec-1.16.1.jar:/home/ks713/.m2/repository/org/apache/httpcomponents/httpcore/4.4.16/httpcore-4.4.16.jar:/home/ks713/.m2/repository/io/opencensus/opencensus-contrib-http-util/0.31.1/opencensus-contrib-http-util-0.31.1.jar:/home/ks713/.m2/repository/javax/annotation/javax.annotation-api/1.3.2/javax.annotation-api-1.3.2.jar:/home/ks713/.m2/repository/junit/junit/4.11/junit-4.11.jar:/home/ks713/.m2/repository/org/hamcrest/hamcrest-core/1.3/hamcrest-core-1.3.jar:/home/ks713/.m2/repository/com/google/api-client/google-api-client/1.31.1/google-api-client-1.31.1.jar:/home/ks713/.m2/repository/com/google/oauth-client/google-oauth-client/1.35.0/google-oauth-client-1.35.0.jar:/home/ks713/.m2/repository/com/google/http-client/google-http-client-jackson2/1.44.1/google-http-client-jackson2-1.44.1.jar:/home/ks713/.m2/repository/com/fasterxml/jackson/core/jackson-core/2.14.2/jackson-core-2.14.2.jar:/home/ks713/.m2/repository/com/google/http-client/google-http-client-apache-v2/1.44.1/google-http-client-apache-v2-1.44.1.jar:"/>
    <property name="sun.cpu.endian" value="little"/>
    <property name="user.home" value="/home/ks713"/>
    <property name="user.language" value="en"/>
    <property name="java.specification.vendor" value="Oracle Corporation"/>
    <property name="java.version.date" value="2024-01-16"/>
    <property name="java.home" value="/usr/lib/jvm/java-11-openjdk-amd64"/>
    <property name="file.separator" value="/"/>
    <property name="basedir" value="/home/ks713/exampleMaven/goodApp"/>
    <property name="java.vm.compressedOopsMode" value="32-bit"/>
    <property name="line.separator" value="&#10;"/>
    <property name="java.specification.name" value="Java Platform API Specification"/>
    <property name="java.vm.specification.vendor" value="Oracle Corporation"/>
    <property name="java.awt.graphicsenv" value="sun.awt.X11GraphicsEnvironment"/>
    <property name="surefire.real.class.path" value="/home/ks713/exampleMaven/goodApp/target/surefire/surefirebooter10312921236852265098.jar"/>
    <property name="sun.management.compiler" value="HotSpot 64-Bit Tiered Compilers"/>
    <property name="java.runtime.version" value="11.0.22+7-post-Ubuntu-0ubuntu220.04.1"/>
    <property name="user.name" value="ks713"/>
    <property name="path.separator" value=":"/>
    <property name="os.version" value="5.4.0-176-generic"/>
    <property name="java.runtime.name" value="OpenJDK Runtime Environment"/>
    <property name="file.encoding" value="UTF-8"/>
    <property name="java.vm.name" value="OpenJDK 64-Bit Server VM"/>
    <property name="localRepository" value="/home/ks713/.m2/repository"/>
    <property name="java.vendor.url.bug" value="https://bugs.launchpad.net/ubuntu/+source/openjdk-lts"/>
    <property name="java.io.tmpdir" value="/tmp"/>
    <property name="java.version" value="11.0.22"/>
    <property name="user.dir" value="/home/ks713/exampleMaven/goodApp"/>
    <property name="os.arch" value="amd64"/>
    <property name="java.vm.specification.name" value="Java Virtual Machine Specification"/>
    <property name="java.awt.printerjob" value="sun.print.PSPrinterJob"/>
    <property name="sun.os.patch.level" value="unknown"/>
    <property name="java.library.path" value="/usr/java/packages/lib:/usr/lib/x86_64-linux-gnu/jni:/lib/x86_64-linux-gnu:/usr/lib/x86_64-linux-gnu:/usr/lib/jni:/lib:/usr/lib"/>
    <property name="java.vm.info" value="mixed mode, sharing"/>
    <property name="java.vendor" value="Ubuntu"/>
    <property name="java.vm.version" value="11.0.22+7-post-Ubuntu-0ubuntu220.04.1"/>
    <property name="java.specification.maintenance.version" value="2"/>
    <property name="sun.io.unicode.encoding" value="UnicodeLittle"/>
    <property name="java.class.version" value="55.0"/>
  </properties>
  <testcase name="shouldAnswerWithTrue" classname="com.example.goodapp.AppTest" time="0.001"/>
</testsuite>